CRITICAL - 2020-10-15 13:31:48 --> Call to undefined method CodeIgniter\View\View::extends()
#0 C:\laragon\www\ci4crud\system\View\View.php(246): include()
#1 C:\laragon\www\ci4crud\system\Common.php(1119): CodeIgniter\View\View->render('admin/users/tab...', Array, true)
#2 C:\laragon\www\ci4crud\app\Controllers\Users.php(9): view('admin/users/tab...')
#3 C:\laragon\www\ci4crud\system\CodeIgniter.php(918): App\Controllers\Users->index()
#4 C:\laragon\www\ci4crud\system\CodeIgniter.php(404): CodeIgniter\CodeIgniter->runController(Object(App\Controllers\Users))
#5 C:\laragon\www\ci4crud\system\CodeIgniter.php(312): CodeIgniter\CodeIgniter->handleRequest(NULL, Object(Config\Cache), false)
#6 C:\laragon\www\ci4crud\public\index.php(45): CodeIgniter\CodeIgniter->run()
#7 {main}
CRITICAL - 2020-10-15 13:35:58 --> Call to undefined method CodeIgniter\View\View::extends()
#0 C:\laragon\www\ci4crud\system\View\View.php(246): include()
#1 C:\laragon\www\ci4crud\system\Common.php(1119): CodeIgniter\View\View->render('admin/users/tab...', Array, true)
#2 C:\laragon\www\ci4crud\app\Controllers\Users.php(9): view('admin/users/tab...')
#3 C:\laragon\www\ci4crud\system\CodeIgniter.php(918): App\Controllers\Users->index()
#4 C:\laragon\www\ci4crud\system\CodeIgniter.php(404): CodeIgniter\CodeIgniter->runController(Object(App\Controllers\Users))
#5 C:\laragon\www\ci4crud\system\CodeIgniter.php(312): CodeIgniter\CodeIgniter->handleRequest(NULL, Object(Config\Cache), false)
#6 C:\laragon\www\ci4crud\public\index.php(45): CodeIgniter\CodeIgniter->run()
#7 {main}
CRITICAL - 2020-10-15 13:37:26 --> Call to undefined method CodeIgniter\View\View::extends()
#0 C:\laragon\www\ci4crud\system\View\View.php(246): include()
#1 C:\laragon\www\ci4crud\system\Common.php(1119): CodeIgniter\View\View->render('admin/users/tab...', Array, true)
#2 C:\laragon\www\ci4crud\app\Controllers\Users.php(9): view('admin/users/tab...', Array)
#3 C:\laragon\www\ci4crud\system\CodeIgniter.php(918): App\Controllers\Users->index()
#4 C:\laragon\www\ci4crud\system\CodeIgniter.php(404): CodeIgniter\CodeIgniter->runController(Object(App\Controllers\Users))
#5 C:\laragon\www\ci4crud\system\CodeIgniter.php(312): CodeIgniter\CodeIgniter->handleRequest(NULL, Object(Config\Cache), false)
#6 C:\laragon\www\ci4crud\public\index.php(45): CodeIgniter\CodeIgniter->run()
#7 {main}
CRITICAL - 2020-10-15 13:38:24 --> Call to undefined method CodeIgniter\View\View::extends()
#0 C:\laragon\www\ci4crud\system\View\View.php(246): include()
#1 C:\laragon\www\ci4crud\system\Common.php(1119): CodeIgniter\View\View->render('admin/users/tab...', Array, true)
#2 C:\laragon\www\ci4crud\app\Controllers\Users.php(9): view('admin/users/tab...', Array)
#3 C:\laragon\www\ci4crud\system\CodeIgniter.php(918): App\Controllers\Users->index()
#4 C:\laragon\www\ci4crud\system\CodeIgniter.php(404): CodeIgniter\CodeIgniter->runController(Object(App\Controllers\Users))
#5 C:\laragon\www\ci4crud\system\CodeIgniter.php(312): CodeIgniter\CodeIgniter->handleRequest(NULL, Object(Config\Cache), false)
#6 C:\laragon\www\ci4crud\public\index.php(45): CodeIgniter\CodeIgniter->run()
#7 {main}
