CRITICAL - 2020-10-18 20:37:25 --> Invalid file: admin/cmps/alerts.php
#0 C:\laragon\www\ci4crud\system\View\View.php(228): CodeIgniter\Exceptions\FrameworkException::forInvalidFile('admin/cmps/aler...')
#1 C:\laragon\www\ci4crud\system\View\View.php(525): CodeIgniter\View\View->render('admin/cmps/aler...', NULL, true)
#2 C:\laragon\www\ci4crud\app\Views\admin\layouts\main.php(200): CodeIgniter\View\View->include('admin/cmps/aler...')
#3 C:\laragon\www\ci4crud\system\View\View.php(246): include('C:\\laragon\\www\\...')
#4 C:\laragon\www\ci4crud\system\View\View.php(257): CodeIgniter\View\View->render('admin/layouts/m...', Array, true)
#5 C:\laragon\www\ci4crud\system\Common.php(1119): CodeIgniter\View\View->render('admin/users/tab...', Array, true)
#6 C:\laragon\www\ci4crud\app\Controllers\Users.php(62): view('admin/users/tab...', Array)
#7 C:\laragon\www\ci4crud\system\CodeIgniter.php(918): App\Controllers\Users->index()
#8 C:\laragon\www\ci4crud\system\CodeIgniter.php(404): CodeIgniter\CodeIgniter->runController(Object(App\Controllers\Users))
#9 C:\laragon\www\ci4crud\system\CodeIgniter.php(312): CodeIgniter\CodeIgniter->handleRequest(NULL, Object(Config\Cache), false)
#10 C:\laragon\www\ci4crud\public\index.php(45): CodeIgniter\CodeIgniter->run()
#11 {main}
CRITICAL - 2020-10-18 20:37:31 --> Invalid file: admin/cmps/alerts.php
#0 C:\laragon\www\ci4crud\system\View\View.php(228): CodeIgniter\Exceptions\FrameworkException::forInvalidFile('admin/cmps/aler...')
#1 C:\laragon\www\ci4crud\system\View\View.php(525): CodeIgniter\View\View->render('admin/cmps/aler...', NULL, true)
#2 C:\laragon\www\ci4crud\app\Views\admin\layouts\main.php(200): CodeIgniter\View\View->include('admin/cmps/aler...')
#3 C:\laragon\www\ci4crud\system\View\View.php(246): include('C:\\laragon\\www\\...')
#4 C:\laragon\www\ci4crud\system\View\View.php(257): CodeIgniter\View\View->render('admin/layouts/m...', Array, true)
#5 C:\laragon\www\ci4crud\system\Common.php(1119): CodeIgniter\View\View->render('admin/users/tab...', Array, true)
#6 C:\laragon\www\ci4crud\app\Controllers\Users.php(62): view('admin/users/tab...', Array)
#7 C:\laragon\www\ci4crud\system\CodeIgniter.php(918): App\Controllers\Users->index()
#8 C:\laragon\www\ci4crud\system\CodeIgniter.php(404): CodeIgniter\CodeIgniter->runController(Object(App\Controllers\Users))
#9 C:\laragon\www\ci4crud\system\CodeIgniter.php(312): CodeIgniter\CodeIgniter->handleRequest(NULL, Object(Config\Cache), false)
#10 C:\laragon\www\ci4crud\public\index.php(45): CodeIgniter\CodeIgniter->run()
#11 {main}
CRITICAL - 2020-10-18 20:37:34 --> Invalid file: admin/cmps/alerts.php
#0 C:\laragon\www\ci4crud\system\View\View.php(228): CodeIgniter\Exceptions\FrameworkException::forInvalidFile('admin/cmps/aler...')
#1 C:\laragon\www\ci4crud\system\View\View.php(525): CodeIgniter\View\View->render('admin/cmps/aler...', NULL, true)
#2 C:\laragon\www\ci4crud\app\Views\admin\layouts\main.php(200): CodeIgniter\View\View->include('admin/cmps/aler...')
#3 C:\laragon\www\ci4crud\system\View\View.php(246): include('C:\\laragon\\www\\...')
#4 C:\laragon\www\ci4crud\system\View\View.php(257): CodeIgniter\View\View->render('admin/layouts/m...', Array, true)
#5 C:\laragon\www\ci4crud\system\Common.php(1119): CodeIgniter\View\View->render('admin/users/tab...', Array, true)
#6 C:\laragon\www\ci4crud\app\Controllers\Users.php(62): view('admin/users/tab...', Array)
#7 C:\laragon\www\ci4crud\system\CodeIgniter.php(918): App\Controllers\Users->index()
#8 C:\laragon\www\ci4crud\system\CodeIgniter.php(404): CodeIgniter\CodeIgniter->runController(Object(App\Controllers\Users))
#9 C:\laragon\www\ci4crud\system\CodeIgniter.php(312): CodeIgniter\CodeIgniter->handleRequest(NULL, Object(Config\Cache), false)
#10 C:\laragon\www\ci4crud\public\index.php(45): CodeIgniter\CodeIgniter->run()
#11 {main}
CRITICAL - 2020-10-18 20:37:35 --> Invalid file: admin/cmps/alerts.php
#0 C:\laragon\www\ci4crud\system\View\View.php(228): CodeIgniter\Exceptions\FrameworkException::forInvalidFile('admin/cmps/aler...')
#1 C:\laragon\www\ci4crud\system\View\View.php(525): CodeIgniter\View\View->render('admin/cmps/aler...', NULL, true)
#2 C:\laragon\www\ci4crud\app\Views\admin\layouts\main.php(200): CodeIgniter\View\View->include('admin/cmps/aler...')
#3 C:\laragon\www\ci4crud\system\View\View.php(246): include('C:\\laragon\\www\\...')
#4 C:\laragon\www\ci4crud\system\View\View.php(257): CodeIgniter\View\View->render('admin/layouts/m...', Array, true)
#5 C:\laragon\www\ci4crud\system\Common.php(1119): CodeIgniter\View\View->render('admin/users/tab...', Array, true)
#6 C:\laragon\www\ci4crud\app\Controllers\Users.php(62): view('admin/users/tab...', Array)
#7 C:\laragon\www\ci4crud\system\CodeIgniter.php(918): App\Controllers\Users->index()
#8 C:\laragon\www\ci4crud\system\CodeIgniter.php(404): CodeIgniter\CodeIgniter->runController(Object(App\Controllers\Users))
#9 C:\laragon\www\ci4crud\system\CodeIgniter.php(312): CodeIgniter\CodeIgniter->handleRequest(NULL, Object(Config\Cache), false)
#10 C:\laragon\www\ci4crud\public\index.php(45): CodeIgniter\CodeIgniter->run()
#11 {main}
CRITICAL - 2020-10-18 20:37:36 --> Invalid file: admin/cmps/alerts.php
#0 C:\laragon\www\ci4crud\system\View\View.php(228): CodeIgniter\Exceptions\FrameworkException::forInvalidFile('admin/cmps/aler...')
#1 C:\laragon\www\ci4crud\system\View\View.php(525): CodeIgniter\View\View->render('admin/cmps/aler...', NULL, true)
#2 C:\laragon\www\ci4crud\app\Views\admin\layouts\main.php(200): CodeIgniter\View\View->include('admin/cmps/aler...')
#3 C:\laragon\www\ci4crud\system\View\View.php(246): include('C:\\laragon\\www\\...')
#4 C:\laragon\www\ci4crud\system\View\View.php(257): CodeIgniter\View\View->render('admin/layouts/m...', Array, true)
#5 C:\laragon\www\ci4crud\system\Common.php(1119): CodeIgniter\View\View->render('admin/users/tab...', Array, true)
#6 C:\laragon\www\ci4crud\app\Controllers\Users.php(62): view('admin/users/tab...', Array)
#7 C:\laragon\www\ci4crud\system\CodeIgniter.php(918): App\Controllers\Users->index()
#8 C:\laragon\www\ci4crud\system\CodeIgniter.php(404): CodeIgniter\CodeIgniter->runController(Object(App\Controllers\Users))
#9 C:\laragon\www\ci4crud\system\CodeIgniter.php(312): CodeIgniter\CodeIgniter->handleRequest(NULL, Object(Config\Cache), false)
#10 C:\laragon\www\ci4crud\public\index.php(45): CodeIgniter\CodeIgniter->run()
#11 {main}
CRITICAL - 2020-10-18 20:37:37 --> Invalid file: admin/cmps/alerts.php
#0 C:\laragon\www\ci4crud\system\View\View.php(228): CodeIgniter\Exceptions\FrameworkException::forInvalidFile('admin/cmps/aler...')
#1 C:\laragon\www\ci4crud\system\View\View.php(525): CodeIgniter\View\View->render('admin/cmps/aler...', NULL, true)
#2 C:\laragon\www\ci4crud\app\Views\admin\layouts\main.php(200): CodeIgniter\View\View->include('admin/cmps/aler...')
#3 C:\laragon\www\ci4crud\system\View\View.php(246): include('C:\\laragon\\www\\...')
#4 C:\laragon\www\ci4crud\system\View\View.php(257): CodeIgniter\View\View->render('admin/layouts/m...', Array, true)
#5 C:\laragon\www\ci4crud\system\Common.php(1119): CodeIgniter\View\View->render('admin/dashboard', Array, true)
#6 C:\laragon\www\ci4crud\app\Controllers\Admin.php(8): view('admin/dashboard', Array)
#7 C:\laragon\www\ci4crud\system\CodeIgniter.php(918): App\Controllers\Admin->index()
#8 C:\laragon\www\ci4crud\system\CodeIgniter.php(404): CodeIgniter\CodeIgniter->runController(Object(App\Controllers\Admin))
#9 C:\laragon\www\ci4crud\system\CodeIgniter.php(312): CodeIgniter\CodeIgniter->handleRequest(NULL, Object(Config\Cache), false)
#10 C:\laragon\www\ci4crud\public\index.php(45): CodeIgniter\CodeIgniter->run()
#11 {main}
CRITICAL - 2020-10-18 20:37:39 --> Invalid file: admin/cmps/alerts.php
#0 C:\laragon\www\ci4crud\system\View\View.php(228): CodeIgniter\Exceptions\FrameworkException::forInvalidFile('admin/cmps/aler...')
#1 C:\laragon\www\ci4crud\system\View\View.php(525): CodeIgniter\View\View->render('admin/cmps/aler...', NULL, true)
#2 C:\laragon\www\ci4crud\app\Views\admin\layouts\main.php(200): CodeIgniter\View\View->include('admin/cmps/aler...')
#3 C:\laragon\www\ci4crud\system\View\View.php(246): include('C:\\laragon\\www\\...')
#4 C:\laragon\www\ci4crud\system\View\View.php(257): CodeIgniter\View\View->render('admin/layouts/m...', Array, true)
#5 C:\laragon\www\ci4crud\system\Common.php(1119): CodeIgniter\View\View->render('admin/dashboard', Array, true)
#6 C:\laragon\www\ci4crud\app\Controllers\Admin.php(8): view('admin/dashboard', Array)
#7 C:\laragon\www\ci4crud\system\CodeIgniter.php(918): App\Controllers\Admin->index()
#8 C:\laragon\www\ci4crud\system\CodeIgniter.php(404): CodeIgniter\CodeIgniter->runController(Object(App\Controllers\Admin))
#9 C:\laragon\www\ci4crud\system\CodeIgniter.php(312): CodeIgniter\CodeIgniter->handleRequest(NULL, Object(Config\Cache), false)
#10 C:\laragon\www\ci4crud\public\index.php(45): CodeIgniter\CodeIgniter->run()
#11 {main}
CRITICAL - 2020-10-18 20:37:44 --> Invalid file: admin/cmps/alerts.php
#0 C:\laragon\www\ci4crud\system\View\View.php(228): CodeIgniter\Exceptions\FrameworkException::forInvalidFile('admin/cmps/aler...')
#1 C:\laragon\www\ci4crud\system\View\View.php(525): CodeIgniter\View\View->render('admin/cmps/aler...', NULL, true)
#2 C:\laragon\www\ci4crud\app\Views\admin\layouts\main.php(200): CodeIgniter\View\View->include('admin/cmps/aler...')
#3 C:\laragon\www\ci4crud\system\View\View.php(246): include('C:\\laragon\\www\\...')
#4 C:\laragon\www\ci4crud\system\View\View.php(257): CodeIgniter\View\View->render('admin/layouts/m...', Array, true)
#5 C:\laragon\www\ci4crud\system\Common.php(1119): CodeIgniter\View\View->render('admin/dashboard', Array, true)
#6 C:\laragon\www\ci4crud\app\Controllers\Admin.php(8): view('admin/dashboard', Array)
#7 C:\laragon\www\ci4crud\system\CodeIgniter.php(918): App\Controllers\Admin->index()
#8 C:\laragon\www\ci4crud\system\CodeIgniter.php(404): CodeIgniter\CodeIgniter->runController(Object(App\Controllers\Admin))
#9 C:\laragon\www\ci4crud\system\CodeIgniter.php(312): CodeIgniter\CodeIgniter->handleRequest(NULL, Object(Config\Cache), false)
#10 C:\laragon\www\ci4crud\public\index.php(45): CodeIgniter\CodeIgniter->run()
#11 {main}
CRITICAL - 2020-10-18 20:46:21 --> Invalid file: admin/cmps/alerts.php
#0 C:\laragon\www\ci4crud\system\View\View.php(228): CodeIgniter\Exceptions\FrameworkException::forInvalidFile('admin/cmps/aler...')
#1 C:\laragon\www\ci4crud\system\View\View.php(525): CodeIgniter\View\View->render('admin/cmps/aler...', NULL, true)
#2 C:\laragon\www\ci4crud\app\Views\admin\layouts\main.php(200): CodeIgniter\View\View->include('admin/cmps/aler...')
#3 C:\laragon\www\ci4crud\system\View\View.php(246): include('C:\\laragon\\www\\...')
#4 C:\laragon\www\ci4crud\system\View\View.php(257): CodeIgniter\View\View->render('admin/layouts/m...', Array, true)
#5 C:\laragon\www\ci4crud\system\Common.php(1119): CodeIgniter\View\View->render('admin/dashboard', Array, true)
#6 C:\laragon\www\ci4crud\app\Controllers\Admin.php(8): view('admin/dashboard', Array)
#7 C:\laragon\www\ci4crud\system\CodeIgniter.php(918): App\Controllers\Admin->index()
#8 C:\laragon\www\ci4crud\system\CodeIgniter.php(404): CodeIgniter\CodeIgniter->runController(Object(App\Controllers\Admin))
#9 C:\laragon\www\ci4crud\system\CodeIgniter.php(312): CodeIgniter\CodeIgniter->handleRequest(NULL, Object(Config\Cache), false)
#10 C:\laragon\www\ci4crud\public\index.php(45): CodeIgniter\CodeIgniter->run()
#11 {main}
CRITICAL - 2020-10-18 20:46:25 --> Invalid file: admin/cmps/alerts.php
#0 C:\laragon\www\ci4crud\system\View\View.php(228): CodeIgniter\Exceptions\FrameworkException::forInvalidFile('admin/cmps/aler...')
#1 C:\laragon\www\ci4crud\system\View\View.php(525): CodeIgniter\View\View->render('admin/cmps/aler...', NULL, true)
#2 C:\laragon\www\ci4crud\app\Views\admin\layouts\main.php(200): CodeIgniter\View\View->include('admin/cmps/aler...')
#3 C:\laragon\www\ci4crud\system\View\View.php(246): include('C:\\laragon\\www\\...')
#4 C:\laragon\www\ci4crud\system\View\View.php(257): CodeIgniter\View\View->render('admin/layouts/m...', Array, true)
#5 C:\laragon\www\ci4crud\system\Common.php(1119): CodeIgniter\View\View->render('admin/users/tab...', Array, true)
#6 C:\laragon\www\ci4crud\app\Controllers\Users.php(62): view('admin/users/tab...', Array)
#7 C:\laragon\www\ci4crud\system\CodeIgniter.php(918): App\Controllers\Users->index()
#8 C:\laragon\www\ci4crud\system\CodeIgniter.php(404): CodeIgniter\CodeIgniter->runController(Object(App\Controllers\Users))
#9 C:\laragon\www\ci4crud\system\CodeIgniter.php(312): CodeIgniter\CodeIgniter->handleRequest(NULL, Object(Config\Cache), false)
#10 C:\laragon\www\ci4crud\public\index.php(45): CodeIgniter\CodeIgniter->run()
#11 {main}
CRITICAL - 2020-10-18 20:47:08 --> Invalid file: admin/users/add.php
#0 C:\laragon\www\ci4crud\system\View\View.php(228): CodeIgniter\Exceptions\FrameworkException::forInvalidFile('admin/users/add...')
#1 C:\laragon\www\ci4crud\system\Common.php(1119): CodeIgniter\View\View->render('admin/users/add', Array, true)
#2 C:\laragon\www\ci4crud\app\Controllers\Users.php(73): view('admin/users/add', Array)
#3 C:\laragon\www\ci4crud\system\CodeIgniter.php(918): App\Controllers\Users->add()
#4 C:\laragon\www\ci4crud\system\CodeIgniter.php(404): CodeIgniter\CodeIgniter->runController(Object(App\Controllers\Users))
#5 C:\laragon\www\ci4crud\system\CodeIgniter.php(312): CodeIgniter\CodeIgniter->handleRequest(NULL, Object(Config\Cache), false)
#6 C:\laragon\www\ci4crud\public\index.php(45): CodeIgniter\CodeIgniter->run()
#7 {main}
CRITICAL - 2020-10-18 20:56:36 --> Invalid file: admin/users/add.php
#0 C:\laragon\www\ci4crud\system\View\View.php(228): CodeIgniter\Exceptions\FrameworkException::forInvalidFile('admin/users/add...')
#1 C:\laragon\www\ci4crud\system\Common.php(1119): CodeIgniter\View\View->render('admin/users/add', Array, true)
#2 C:\laragon\www\ci4crud\app\Controllers\Users.php(73): view('admin/users/add', Array)
#3 C:\laragon\www\ci4crud\system\CodeIgniter.php(918): App\Controllers\Users->add()
#4 C:\laragon\www\ci4crud\system\CodeIgniter.php(404): CodeIgniter\CodeIgniter->runController(Object(App\Controllers\Users))
#5 C:\laragon\www\ci4crud\system\CodeIgniter.php(312): CodeIgniter\CodeIgniter->handleRequest(NULL, Object(Config\Cache), false)
#6 C:\laragon\www\ci4crud\public\index.php(45): CodeIgniter\CodeIgniter->run()
#7 {main}
CRITICAL - 2020-10-18 20:57:39 --> Invalid file: admin/users/add.php
#0 C:\laragon\www\ci4crud\system\View\View.php(228): CodeIgniter\Exceptions\FrameworkException::forInvalidFile('admin/users/add...')
#1 C:\laragon\www\ci4crud\system\Common.php(1119): CodeIgniter\View\View->render('admin/users/add', Array, true)
#2 C:\laragon\www\ci4crud\app\Controllers\Users.php(73): view('admin/users/add', Array)
#3 C:\laragon\www\ci4crud\system\CodeIgniter.php(918): App\Controllers\Users->add()
#4 C:\laragon\www\ci4crud\system\CodeIgniter.php(404): CodeIgniter\CodeIgniter->runController(Object(App\Controllers\Users))
#5 C:\laragon\www\ci4crud\system\CodeIgniter.php(312): CodeIgniter\CodeIgniter->handleRequest(NULL, Object(Config\Cache), false)
#6 C:\laragon\www\ci4crud\public\index.php(45): CodeIgniter\CodeIgniter->run()
#7 {main}
CRITICAL - 2020-10-18 20:57:46 --> Invalid file: admin/users/add.php
#0 C:\laragon\www\ci4crud\system\View\View.php(228): CodeIgniter\Exceptions\FrameworkException::forInvalidFile('admin/users/add...')
#1 C:\laragon\www\ci4crud\system\Common.php(1119): CodeIgniter\View\View->render('admin/users/add', Array, true)
#2 C:\laragon\www\ci4crud\app\Controllers\Users.php(88): view('admin/users/add', Array)
#3 C:\laragon\www\ci4crud\system\CodeIgniter.php(918): App\Controllers\Users->edit('2')
#4 C:\laragon\www\ci4crud\system\CodeIgniter.php(404): CodeIgniter\CodeIgniter->runController(Object(App\Controllers\Users))
#5 C:\laragon\www\ci4crud\system\CodeIgniter.php(312): CodeIgniter\CodeIgniter->handleRequest(NULL, Object(Config\Cache), false)
#6 C:\laragon\www\ci4crud\public\index.php(45): CodeIgniter\CodeIgniter->run()
#7 {main}
CRITICAL - 2020-10-18 20:58:13 --> Invalid file: admin/users/add.php
#0 C:\laragon\www\ci4crud\system\View\View.php(228): CodeIgniter\Exceptions\FrameworkException::forInvalidFile('admin/users/add...')
#1 C:\laragon\www\ci4crud\system\Common.php(1119): CodeIgniter\View\View->render('admin/users/add', Array, true)
#2 C:\laragon\www\ci4crud\app\Controllers\Users.php(88): view('admin/users/add', Array)
#3 C:\laragon\www\ci4crud\system\CodeIgniter.php(918): App\Controllers\Users->edit('15')
#4 C:\laragon\www\ci4crud\system\CodeIgniter.php(404): CodeIgniter\CodeIgniter->runController(Object(App\Controllers\Users))
#5 C:\laragon\www\ci4crud\system\CodeIgniter.php(312): CodeIgniter\CodeIgniter->handleRequest(NULL, Object(Config\Cache), false)
#6 C:\laragon\www\ci4crud\public\index.php(45): CodeIgniter\CodeIgniter->run()
#7 {main}
CRITICAL - 2020-10-18 20:58:39 --> Invalid file: admin/users/add.php
#0 C:\laragon\www\ci4crud\system\View\View.php(228): CodeIgniter\Exceptions\FrameworkException::forInvalidFile('admin/users/add...')
#1 C:\laragon\www\ci4crud\system\Common.php(1119): CodeIgniter\View\View->render('admin/users/add', Array, true)
#2 C:\laragon\www\ci4crud\app\Controllers\Users.php(73): view('admin/users/add', Array)
#3 C:\laragon\www\ci4crud\system\CodeIgniter.php(918): App\Controllers\Users->add()
#4 C:\laragon\www\ci4crud\system\CodeIgniter.php(404): CodeIgniter\CodeIgniter->runController(Object(App\Controllers\Users))
#5 C:\laragon\www\ci4crud\system\CodeIgniter.php(312): CodeIgniter\CodeIgniter->handleRequest(NULL, Object(Config\Cache), false)
#6 C:\laragon\www\ci4crud\public\index.php(45): CodeIgniter\CodeIgniter->run()
#7 {main}
CRITICAL - 2020-10-18 21:28:15 --> Invalid file: admin/users/add.php
#0 C:\laragon\www\ci4crud\system\View\View.php(228): CodeIgniter\Exceptions\FrameworkException::forInvalidFile('admin/users/add...')
#1 C:\laragon\www\ci4crud\system\Common.php(1119): CodeIgniter\View\View->render('admin/users/add', Array, true)
#2 C:\laragon\www\ci4crud\app\Controllers\Users.php(88): view('admin/users/add', Array)
#3 C:\laragon\www\ci4crud\system\CodeIgniter.php(918): App\Controllers\Users->edit('3')
#4 C:\laragon\www\ci4crud\system\CodeIgniter.php(404): CodeIgniter\CodeIgniter->runController(Object(App\Controllers\Users))
#5 C:\laragon\www\ci4crud\system\CodeIgniter.php(312): CodeIgniter\CodeIgniter->handleRequest(NULL, Object(Config\Cache), false)
#6 C:\laragon\www\ci4crud\public\index.php(45): CodeIgniter\CodeIgniter->run()
#7 {main}
CRITICAL - 2020-10-18 21:29:24 --> Invalid file: admin/users/add.php
#0 C:\laragon\www\ci4crud\system\View\View.php(228): CodeIgniter\Exceptions\FrameworkException::forInvalidFile('admin/users/add...')
#1 C:\laragon\www\ci4crud\system\Common.php(1119): CodeIgniter\View\View->render('admin/users/add', Array, true)
#2 C:\laragon\www\ci4crud\app\Controllers\Users.php(73): view('admin/users/add', Array)
#3 C:\laragon\www\ci4crud\system\CodeIgniter.php(918): App\Controllers\Users->add()
#4 C:\laragon\www\ci4crud\system\CodeIgniter.php(404): CodeIgniter\CodeIgniter->runController(Object(App\Controllers\Users))
#5 C:\laragon\www\ci4crud\system\CodeIgniter.php(312): CodeIgniter\CodeIgniter->handleRequest(NULL, Object(Config\Cache), false)
#6 C:\laragon\www\ci4crud\public\index.php(45): CodeIgniter\CodeIgniter->run()
#7 {main}
CRITICAL - 2020-10-18 21:43:30 --> Invalid file: admin/users/add.php
#0 C:\laragon\www\ci4crud\system\View\View.php(228): CodeIgniter\Exceptions\FrameworkException::forInvalidFile('admin/users/add...')
#1 C:\laragon\www\ci4crud\system\Common.php(1119): CodeIgniter\View\View->render('admin/users/add', Array, true)
#2 C:\laragon\www\ci4crud\app\Controllers\Users.php(88): view('admin/users/add', Array)
#3 C:\laragon\www\ci4crud\system\CodeIgniter.php(918): App\Controllers\Users->edit('3')
#4 C:\laragon\www\ci4crud\system\CodeIgniter.php(404): CodeIgniter\CodeIgniter->runController(Object(App\Controllers\Users))
#5 C:\laragon\www\ci4crud\system\CodeIgniter.php(312): CodeIgniter\CodeIgniter->handleRequest(NULL, Object(Config\Cache), false)
#6 C:\laragon\www\ci4crud\public\index.php(45): CodeIgniter\CodeIgniter->run()
#7 {main}
CRITICAL - 2020-10-18 21:53:51 --> Invalid file: admin/users/add.php
#0 C:\laragon\www\ci4crud\system\View\View.php(228): CodeIgniter\Exceptions\FrameworkException::forInvalidFile('admin/users/add...')
#1 C:\laragon\www\ci4crud\system\Common.php(1119): CodeIgniter\View\View->render('admin/users/add', Array, true)
#2 C:\laragon\www\ci4crud\app\Controllers\Users.php(73): view('admin/users/add', Array)
#3 C:\laragon\www\ci4crud\system\CodeIgniter.php(918): App\Controllers\Users->add()
#4 C:\laragon\www\ci4crud\system\CodeIgniter.php(404): CodeIgniter\CodeIgniter->runController(Object(App\Controllers\Users))
#5 C:\laragon\www\ci4crud\system\CodeIgniter.php(312): CodeIgniter\CodeIgniter->handleRequest(NULL, Object(Config\Cache), false)
#6 C:\laragon\www\ci4crud\public\index.php(45): CodeIgniter\CodeIgniter->run()
#7 {main}
CRITICAL - 2020-10-18 21:53:56 --> Invalid file: admin/users/add.php
#0 C:\laragon\www\ci4crud\system\View\View.php(228): CodeIgniter\Exceptions\FrameworkException::forInvalidFile('admin/users/add...')
#1 C:\laragon\www\ci4crud\system\Common.php(1119): CodeIgniter\View\View->render('admin/users/add', Array, true)
#2 C:\laragon\www\ci4crud\app\Controllers\Users.php(88): view('admin/users/add', Array)
#3 C:\laragon\www\ci4crud\system\CodeIgniter.php(918): App\Controllers\Users->edit('3')
#4 C:\laragon\www\ci4crud\system\CodeIgniter.php(404): CodeIgniter\CodeIgniter->runController(Object(App\Controllers\Users))
#5 C:\laragon\www\ci4crud\system\CodeIgniter.php(312): CodeIgniter\CodeIgniter->handleRequest(NULL, Object(Config\Cache), false)
#6 C:\laragon\www\ci4crud\public\index.php(45): CodeIgniter\CodeIgniter->run()
#7 {main}
CRITICAL - 2020-10-18 22:07:06 --> Invalid file: admin/users/add.php
#0 C:\laragon\www\ci4crud\system\View\View.php(228): CodeIgniter\Exceptions\FrameworkException::forInvalidFile('admin/users/add...')
#1 C:\laragon\www\ci4crud\system\Common.php(1119): CodeIgniter\View\View->render('admin/users/add', Array, true)
#2 C:\laragon\www\ci4crud\app\Controllers\Users.php(88): view('admin/users/add', Array)
#3 C:\laragon\www\ci4crud\system\CodeIgniter.php(918): App\Controllers\Users->edit('2')
#4 C:\laragon\www\ci4crud\system\CodeIgniter.php(404): CodeIgniter\CodeIgniter->runController(Object(App\Controllers\Users))
#5 C:\laragon\www\ci4crud\system\CodeIgniter.php(312): CodeIgniter\CodeIgniter->handleRequest(NULL, Object(Config\Cache), false)
#6 C:\laragon\www\ci4crud\public\index.php(45): CodeIgniter\CodeIgniter->run()
#7 {main}
CRITICAL - 2020-10-18 22:07:10 --> Invalid file: admin/users/add.php
#0 C:\laragon\www\ci4crud\system\View\View.php(228): CodeIgniter\Exceptions\FrameworkException::forInvalidFile('admin/users/add...')
#1 C:\laragon\www\ci4crud\system\Common.php(1119): CodeIgniter\View\View->render('admin/users/add', Array, true)
#2 C:\laragon\www\ci4crud\app\Controllers\Users.php(73): view('admin/users/add', Array)
#3 C:\laragon\www\ci4crud\system\CodeIgniter.php(918): App\Controllers\Users->add()
#4 C:\laragon\www\ci4crud\system\CodeIgniter.php(404): CodeIgniter\CodeIgniter->runController(Object(App\Controllers\Users))
#5 C:\laragon\www\ci4crud\system\CodeIgniter.php(312): CodeIgniter\CodeIgniter->handleRequest(NULL, Object(Config\Cache), false)
#6 C:\laragon\www\ci4crud\public\index.php(45): CodeIgniter\CodeIgniter->run()
#7 {main}
CRITICAL - 2020-10-18 22:39:49 --> Call to undefined method CodeIgniter\View\View::extends()
#0 C:\laragon\www\ci4crud\system\View\View.php(246): include()
#1 C:\laragon\www\ci4crud\system\Common.php(1119): CodeIgniter\View\View->render('admin/users/for...', Array, true)
#2 C:\laragon\www\ci4crud\app\Controllers\Users.php(73): view('admin/users/for...', Array)
#3 C:\laragon\www\ci4crud\system\CodeIgniter.php(918): App\Controllers\Users->add()
#4 C:\laragon\www\ci4crud\system\CodeIgniter.php(404): CodeIgniter\CodeIgniter->runController(Object(App\Controllers\Users))
#5 C:\laragon\www\ci4crud\system\CodeIgniter.php(312): CodeIgniter\CodeIgniter->handleRequest(NULL, Object(Config\Cache), false)
#6 C:\laragon\www\ci4crud\public\index.php(45): CodeIgniter\CodeIgniter->run()
#7 {main}
CRITICAL - 2020-10-18 22:41:39 --> Call to undefined method CodeIgniter\View\View::extends()
#0 C:\laragon\www\ci4crud\system\View\View.php(246): include()
#1 C:\laragon\www\ci4crud\system\Common.php(1119): CodeIgniter\View\View->render('admin/users/for...', Array, true)
#2 C:\laragon\www\ci4crud\app\Controllers\Users.php(73): view('admin/users/for...', Array)
#3 C:\laragon\www\ci4crud\system\CodeIgniter.php(918): App\Controllers\Users->add()
#4 C:\laragon\www\ci4crud\system\CodeIgniter.php(404): CodeIgniter\CodeIgniter->runController(Object(App\Controllers\Users))
#5 C:\laragon\www\ci4crud\system\CodeIgniter.php(312): CodeIgniter\CodeIgniter->handleRequest(NULL, Object(Config\Cache), false)
#6 C:\laragon\www\ci4crud\public\index.php(45): CodeIgniter\CodeIgniter->run()
#7 {main}
CRITICAL - 2020-10-18 22:43:08 --> Invalid file: admin/users/add.php
#0 C:\laragon\www\ci4crud\system\View\View.php(228): CodeIgniter\Exceptions\FrameworkException::forInvalidFile('admin/users/add...')
#1 C:\laragon\www\ci4crud\system\Common.php(1119): CodeIgniter\View\View->render('admin/users/add', Array, true)
#2 C:\laragon\www\ci4crud\app\Controllers\Users.php(88): view('admin/users/add', Array)
#3 C:\laragon\www\ci4crud\system\CodeIgniter.php(918): App\Controllers\Users->edit('101')
#4 C:\laragon\www\ci4crud\system\CodeIgniter.php(404): CodeIgniter\CodeIgniter->runController(Object(App\Controllers\Users))
#5 C:\laragon\www\ci4crud\system\CodeIgniter.php(312): CodeIgniter\CodeIgniter->handleRequest(NULL, Object(Config\Cache), false)
#6 C:\laragon\www\ci4crud\public\index.php(45): CodeIgniter\CodeIgniter->run()
#7 {main}
