CRITICAL - 2020-10-16 02:47:59 --> Unable to connect to the database.
#0 C:\laragon\www\ci4crud\system\Database\BaseConnection.php(646): CodeIgniter\Database\BaseConnection->initialize()
#1 C:\laragon\www\ci4crud\app\Models\CrudModel.php(20): CodeIgniter\Database\BaseConnection->query('SHOW COLUMNS FR...')
#2 C:\laragon\www\ci4crud\app\Libraries\Crud_core.php(248): App\Models\CrudModel->schema('users')
#3 C:\laragon\www\ci4crud\app\Libraries\Crud_core.php(34): App\Libraries\Crud_core->schema('users')
#4 C:\laragon\www\ci4crud\app\Libraries\Crud.php(12): App\Libraries\Crud_core->__construct(Array, Object(CodeIgniter\HTTP\IncomingRequest))
#5 C:\laragon\www\ci4crud\app\Controllers\Users.php(42): App\Libraries\Crud->__construct(Array, Object(CodeIgniter\HTTP\IncomingRequest))
#6 C:\laragon\www\ci4crud\system\CodeIgniter.php(890): App\Controllers\Users->__construct()
#7 C:\laragon\www\ci4crud\system\CodeIgniter.php(399): CodeIgniter\CodeIgniter->createController()
#8 C:\laragon\www\ci4crud\system\CodeIgniter.php(312): CodeIgniter\CodeIgniter->handleRequest(NULL, Object(Config\Cache), false)
#9 C:\laragon\www\ci4crud\public\index.php(45): CodeIgniter\CodeIgniter->run()
#10 {main}
CRITICAL - 2020-10-16 04:23:58 --> Unable to connect to the database.
#0 C:\laragon\www\ci4crud\system\Database\BaseConnection.php(646): CodeIgniter\Database\BaseConnection->initialize()
#1 C:\laragon\www\ci4crud\app\Models\CrudModel.php(20): CodeIgniter\Database\BaseConnection->query('SHOW COLUMNS FR...')
#2 C:\laragon\www\ci4crud\app\Libraries\Crud_core.php(248): App\Models\CrudModel->schema('users')
#3 C:\laragon\www\ci4crud\app\Libraries\Crud_core.php(34): App\Libraries\Crud_core->schema('users')
#4 C:\laragon\www\ci4crud\app\Libraries\Crud.php(12): App\Libraries\Crud_core->__construct(Array, Object(CodeIgniter\HTTP\IncomingRequest))
#5 C:\laragon\www\ci4crud\app\Controllers\Users.php(42): App\Libraries\Crud->__construct(Array, Object(CodeIgniter\HTTP\IncomingRequest))
#6 C:\laragon\www\ci4crud\system\CodeIgniter.php(890): App\Controllers\Users->__construct()
#7 C:\laragon\www\ci4crud\system\CodeIgniter.php(399): CodeIgniter\CodeIgniter->createController()
#8 C:\laragon\www\ci4crud\system\CodeIgniter.php(312): CodeIgniter\CodeIgniter->handleRequest(NULL, Object(Config\Cache), false)
#9 C:\laragon\www\ci4crud\public\index.php(45): CodeIgniter\CodeIgniter->run()
#10 {main}
CRITICAL - 2020-10-16 04:24:04 --> Unable to connect to the database.
#0 C:\laragon\www\ci4crud\system\Database\BaseConnection.php(646): CodeIgniter\Database\BaseConnection->initialize()
#1 C:\laragon\www\ci4crud\app\Models\CrudModel.php(20): CodeIgniter\Database\BaseConnection->query('SHOW COLUMNS FR...')
#2 C:\laragon\www\ci4crud\app\Libraries\Crud_core.php(248): App\Models\CrudModel->schema('users')
#3 C:\laragon\www\ci4crud\app\Libraries\Crud_core.php(34): App\Libraries\Crud_core->schema('users')
#4 C:\laragon\www\ci4crud\app\Libraries\Crud.php(12): App\Libraries\Crud_core->__construct(Array, Object(CodeIgniter\HTTP\IncomingRequest))
#5 C:\laragon\www\ci4crud\app\Controllers\Users.php(42): App\Libraries\Crud->__construct(Array, Object(CodeIgniter\HTTP\IncomingRequest))
#6 C:\laragon\www\ci4crud\system\CodeIgniter.php(890): App\Controllers\Users->__construct()
#7 C:\laragon\www\ci4crud\system\CodeIgniter.php(399): CodeIgniter\CodeIgniter->createController()
#8 C:\laragon\www\ci4crud\system\CodeIgniter.php(312): CodeIgniter\CodeIgniter->handleRequest(NULL, Object(Config\Cache), false)
#9 C:\laragon\www\ci4crud\public\index.php(45): CodeIgniter\CodeIgniter->run()
#10 {main}
CRITICAL - 2020-10-16 13:53:47 --> You have an error in your SQL syntax; check the manual that corresponds to your MariaDB server version for the right syntax to use near 'Active'' )' at line 1
#0 C:\laragon\www\ci4crud\system\Database\MySQLi\Connection.php(331): mysqli->query('SELECT COUNT(*)...')
#1 C:\laragon\www\ci4crud\system\Database\BaseConnection.php(741): CodeIgniter\Database\MySQLi\Connection->execute('SELECT COUNT(*)...')
#2 C:\laragon\www\ci4crud\system\Database\BaseConnection.php(669): CodeIgniter\Database\BaseConnection->simpleQuery('SELECT COUNT(*)...')
#3 C:\laragon\www\ci4crud\app\Models\CrudModel.php(95): CodeIgniter\Database\BaseConnection->query('SELECT COUNT(*)...')
#4 C:\laragon\www\ci4crud\app\Libraries\Crud_core.php(78): App\Models\CrudModel->countTotalRows('users', Array, Object(CodeIgniter\HTTP\IncomingRequest), Array)
#5 C:\laragon\www\ci4crud\app\Controllers\Users.php(61): App\Libraries\Crud_core->view(1, 10, Array, Array, Array)
#6 C:\laragon\www\ci4crud\system\CodeIgniter.php(918): App\Controllers\Users->index()
#7 C:\laragon\www\ci4crud\system\CodeIgniter.php(404): CodeIgniter\CodeIgniter->runController(Object(App\Controllers\Users))
#8 C:\laragon\www\ci4crud\system\CodeIgniter.php(312): CodeIgniter\CodeIgniter->handleRequest(NULL, Object(Config\Cache), false)
#9 C:\laragon\www\ci4crud\public\index.php(45): CodeIgniter\CodeIgniter->run()
#10 {main}
CRITICAL - 2020-10-16 13:55:06 --> You have an error in your SQL syntax; check the manual that corresponds to your MariaDB server version for the right syntax to use near 'Active'' )' at line 1
#0 C:\laragon\www\ci4crud\system\Database\MySQLi\Connection.php(331): mysqli->query('SELECT COUNT(*)...')
#1 C:\laragon\www\ci4crud\system\Database\BaseConnection.php(741): CodeIgniter\Database\MySQLi\Connection->execute('SELECT COUNT(*)...')
#2 C:\laragon\www\ci4crud\system\Database\BaseConnection.php(669): CodeIgniter\Database\BaseConnection->simpleQuery('SELECT COUNT(*)...')
#3 C:\laragon\www\ci4crud\app\Models\CrudModel.php(95): CodeIgniter\Database\BaseConnection->query('SELECT COUNT(*)...')
#4 C:\laragon\www\ci4crud\app\Libraries\Crud_core.php(78): App\Models\CrudModel->countTotalRows('users', Array, Object(CodeIgniter\HTTP\IncomingRequest), Array)
#5 C:\laragon\www\ci4crud\app\Controllers\Users.php(61): App\Libraries\Crud_core->view(1, 10, Array, Array, Array)
#6 C:\laragon\www\ci4crud\system\CodeIgniter.php(918): App\Controllers\Users->index()
#7 C:\laragon\www\ci4crud\system\CodeIgniter.php(404): CodeIgniter\CodeIgniter->runController(Object(App\Controllers\Users))
#8 C:\laragon\www\ci4crud\system\CodeIgniter.php(312): CodeIgniter\CodeIgniter->handleRequest(NULL, Object(Config\Cache), false)
#9 C:\laragon\www\ci4crud\public\index.php(45): CodeIgniter\CodeIgniter->run()
#10 {main}
CRITICAL - 2020-10-16 13:58:27 --> You have an error in your SQL syntax; check the manual that corresponds to your MariaDB server version for the right syntax to use near 'Active'' )' at line 1
#0 C:\laragon\www\ci4crud\system\Database\MySQLi\Connection.php(331): mysqli->query('SELECT COUNT(*)...')
#1 C:\laragon\www\ci4crud\system\Database\BaseConnection.php(741): CodeIgniter\Database\MySQLi\Connection->execute('SELECT COUNT(*)...')
#2 C:\laragon\www\ci4crud\system\Database\BaseConnection.php(669): CodeIgniter\Database\BaseConnection->simpleQuery('SELECT COUNT(*)...')
#3 C:\laragon\www\ci4crud\app\Models\CrudModel.php(95): CodeIgniter\Database\BaseConnection->query('SELECT COUNT(*)...')
#4 C:\laragon\www\ci4crud\app\Libraries\Crud_core.php(78): App\Models\CrudModel->countTotalRows('users', Array, Object(CodeIgniter\HTTP\IncomingRequest), Array)
#5 C:\laragon\www\ci4crud\app\Controllers\Users.php(62): App\Libraries\Crud_core->view(1, 10, Array, Array, Array)
#6 C:\laragon\www\ci4crud\system\CodeIgniter.php(918): App\Controllers\Users->index()
#7 C:\laragon\www\ci4crud\system\CodeIgniter.php(404): CodeIgniter\CodeIgniter->runController(Object(App\Controllers\Users))
#8 C:\laragon\www\ci4crud\system\CodeIgniter.php(312): CodeIgniter\CodeIgniter->handleRequest(NULL, Object(Config\Cache), false)
#9 C:\laragon\www\ci4crud\public\index.php(45): CodeIgniter\CodeIgniter->run()
#10 {main}
CRITICAL - 2020-10-16 13:58:30 --> You have an error in your SQL syntax; check the manual that corresponds to your MariaDB server version for the right syntax to use near 'Active'' )' at line 1
#0 C:\laragon\www\ci4crud\system\Database\MySQLi\Connection.php(331): mysqli->query('SELECT COUNT(*)...')
#1 C:\laragon\www\ci4crud\system\Database\BaseConnection.php(741): CodeIgniter\Database\MySQLi\Connection->execute('SELECT COUNT(*)...')
#2 C:\laragon\www\ci4crud\system\Database\BaseConnection.php(669): CodeIgniter\Database\BaseConnection->simpleQuery('SELECT COUNT(*)...')
#3 C:\laragon\www\ci4crud\app\Models\CrudModel.php(95): CodeIgniter\Database\BaseConnection->query('SELECT COUNT(*)...')
#4 C:\laragon\www\ci4crud\app\Libraries\Crud_core.php(78): App\Models\CrudModel->countTotalRows('users', Array, Object(CodeIgniter\HTTP\IncomingRequest), Array)
#5 C:\laragon\www\ci4crud\app\Controllers\Users.php(62): App\Libraries\Crud_core->view(1, 10, Array, Array, Array)
#6 C:\laragon\www\ci4crud\system\CodeIgniter.php(918): App\Controllers\Users->index()
#7 C:\laragon\www\ci4crud\system\CodeIgniter.php(404): CodeIgniter\CodeIgniter->runController(Object(App\Controllers\Users))
#8 C:\laragon\www\ci4crud\system\CodeIgniter.php(312): CodeIgniter\CodeIgniter->handleRequest(NULL, Object(Config\Cache), false)
#9 C:\laragon\www\ci4crud\public\index.php(45): CodeIgniter\CodeIgniter->run()
#10 {main}
CRITICAL - 2020-10-16 14:36:27 --> Call to undefined method App\Libraries\Crud::getAddTitle()
#0 C:\laragon\www\ci4crud\system\CodeIgniter.php(918): App\Controllers\Users->add()
#1 C:\laragon\www\ci4crud\system\CodeIgniter.php(404): CodeIgniter\CodeIgniter->runController(Object(App\Controllers\Users))
#2 C:\laragon\www\ci4crud\system\CodeIgniter.php(312): CodeIgniter\CodeIgniter->handleRequest(NULL, Object(Config\Cache), false)
#3 C:\laragon\www\ci4crud\public\index.php(45): CodeIgniter\CodeIgniter->run()
#4 {main}
CRITICAL - 2020-10-16 16:14:05 --> Call to undefined method App\Libraries\Crud::getEditTitle()
#0 C:\laragon\www\ci4crud\system\CodeIgniter.php(918): App\Controllers\Users->edit('1')
#1 C:\laragon\www\ci4crud\system\CodeIgniter.php(404): CodeIgniter\CodeIgniter->runController(Object(App\Controllers\Users))
#2 C:\laragon\www\ci4crud\system\CodeIgniter.php(312): CodeIgniter\CodeIgniter->handleRequest(NULL, Object(Config\Cache), false)
#3 C:\laragon\www\ci4crud\public\index.php(45): CodeIgniter\CodeIgniter->run()
#4 {main}
